2025-10-22 21:42:05,287 [INFO] src.dashboard.app: Starting dashboard on 0.0.0.0:8050
2025-10-22 21:42:05,290 [INFO] dash.dash: Dash is running on http://0.0.0.0:8050/

2025-10-22 21:42:11,430 [INFO] src.dashboard.app: Starting dashboard on 0.0.0.0:8050
2025-10-22 21:43:22,961 [INFO] src.dashboard.app: Starting dashboard on 0.0.0.0:8050
2025-10-22 21:43:22,978 [INFO] dash.dash: Dash is running on http://0.0.0.0:8050/

2025-10-22 21:43:28,906 [INFO] src.dashboard.app: Starting dashboard on 0.0.0.0:8050
2025-10-22 21:44:39,995 [INFO] __main__: Starting Financial News Analysis Application...
2025-10-22 21:44:39,996 [INFO] src.dashboard.app: Starting dashboard on 0.0.0.0:8050
2025-10-22 21:45:34,795 [INFO] __main__: Starting Financial News Analysis Application...
2025-10-22 21:45:34,802 [INFO] src.dashboard.app: Starting dashboard on localhost:8050
2025-10-22 21:46:01,452 [INFO] __main__: Starting Financial News Analysis Application...
2025-10-22 21:46:01,452 [INFO] src.dashboard.app: Starting dashboard on localhost:8050
2025-10-22 21:46:01,454 [INFO] dash.dash: Dash is running on http://localhost:8050/

2025-10-22 21:46:07,168 [INFO] __main__: Starting Financial News Analysis Application...
2025-10-22 21:46:07,169 [INFO] src.dashboard.app: Starting dashboard on localhost:8050
2025-10-22 21:46:51,952 [INFO] __main__: Starting Financial News Analysis Application...
2025-10-22 21:46:51,952 [INFO] src.dashboard.app: Starting dashboard on localhost:8050
2025-10-22 21:46:51,952 [INFO] dash.dash: Dash is running on http://localhost:8050/

2025-10-22 21:46:57,724 [INFO] __main__: Starting Financial News Analysis Application...
2025-10-22 21:46:57,724 [INFO] src.dashboard.app: Starting dashboard on localhost:8050
2025-10-22 21:47:32,106 [INFO] __main__: Starting Financial News Analysis Application...
2025-10-22 21:47:32,107 [INFO] src.dashboard.app: Starting dashboard on localhost:8050
2025-10-22 21:52:04,897 [INFO] __main__: Starting Financial News Analysis Application...
2025-10-22 21:52:04,897 [INFO] src.dashboard.app: Starting dashboard on localhost:8050
2025-10-22 21:57:22,002 [INFO] __main__: Starting Financial News Analysis Application...
2025-10-22 21:57:22,002 [INFO] src.dashboard.app: Starting dashboard on localhost:8050
2025-10-22 21:57:22,002 [INFO] dash.dash: Dash is running on http://localhost:8050/

2025-10-22 21:57:27,537 [INFO] __main__: Starting Financial News Analysis Application...
2025-10-22 21:57:27,537 [INFO] src.dashboard.app: Starting dashboard on localhost:8050
2025-10-22 22:00:41,066 [INFO] __main__: Starting Financial News Analysis Application...
2025-10-22 22:00:41,066 [INFO] src.dashboard.app: Starting dashboard on localhost:8050
2025-10-22 22:03:13,264 [INFO] __main__: Starting Financial News Analysis Application...
2025-10-22 22:03:13,264 [INFO] src.dashboard.app: Starting dashboard on localhost:8050
2025-10-22 22:07:19,552 [INFO] __main__: Starting Financial News Analysis Application...
2025-10-22 22:07:19,592 [INFO] src.dashboard.app: Starting dashboard on localhost:8050
2025-10-22 22:09:58,484 [INFO] __main__: Starting Financial News Analysis Application...
2025-10-22 22:09:58,484 [INFO] src.dashboard.app: Starting dashboard on localhost:8050
2025-10-22 22:09:58,487 [INFO] dash.dash: Dash is running on http://localhost:8050/

2025-10-22 22:10:03,970 [INFO] __main__: Starting Financial News Analysis Application...
2025-10-22 22:10:03,970 [INFO] src.dashboard.app: Starting dashboard on localhost:8050
2025-10-22 22:12:08,132 [INFO] __main__: Starting Financial News Analysis Application...
2025-10-22 22:12:08,133 [INFO] src.dashboard.app: Starting dashboard on localhost:8050
2025-10-22 22:27:16,275 [INFO] __main__: Starting Financial News Analysis Application...
2025-10-22 22:27:16,275 [INFO] src.dashboard.app: Starting dashboard on localhost:8050
2025-10-22 22:28:05,608 [INFO] __main__: Starting Financial News Analysis Application...
2025-10-22 22:28:05,608 [INFO] src.dashboard.app: Starting dashboard on localhost:8050
2025-10-22 22:32:02,987 [INFO] __main__: Starting Financial News Analysis Application...
2025-10-22 22:32:02,987 [INFO] src.dashboard.app: Starting dashboard on localhost:8050
2025-10-22 22:32:15,336 [INFO] __main__: Starting Financial News Analysis Application...
2025-10-22 22:32:15,336 [INFO] src.dashboard.app: Starting dashboard on localhost:8050
2025-10-22 22:32:28,413 [INFO] __main__: Starting Financial News Analysis Application...
2025-10-22 22:32:28,413 [INFO] src.dashboard.app: Starting dashboard on localhost:8050
2025-10-22 22:32:47,166 [INFO] __main__: Starting Financial News Analysis Application...
2025-10-22 22:32:47,167 [INFO] src.dashboard.app: Starting dashboard on localhost:8050
2025-10-22 22:33:04,762 [INFO] __main__: Starting Financial News Analysis Application...
2025-10-22 22:33:04,762 [INFO] src.dashboard.app: Starting dashboard on localhost:8050
2025-10-22 22:33:41,295 [INFO] __main__: Starting Financial News Analysis Application...
2025-10-22 22:33:41,295 [INFO] src.dashboard.app: Starting dashboard on localhost:8050
2025-10-22 22:40:12,597 [INFO] __main__: Starting Financial News Analysis Application...
2025-10-22 22:40:12,597 [INFO] src.dashboard.app: Starting dashboard on localhost:8050
2025-10-22 22:40:22,345 [INFO] __main__: Starting Financial News Analysis Application...
2025-10-22 22:40:22,345 [INFO] src.dashboard.app: Starting dashboard on localhost:8050
2025-10-22 22:40:46,083 [ERROR] src.dashboard.enhanced_callbacks: Error in URL analysis: The `dash_bootstrap_components.Progress` component (version 1.5.0) received an unexpected keyword argument: `multi`
Allowed arguments: animated, bar, children, className, class_name, color, hide_label, id, key, label, loading_state, max, min, striped, style, value
2025-10-22 22:41:58,247 [INFO] __main__: Starting Financial News Analysis Application...
2025-10-22 22:41:58,247 [INFO] src.dashboard.app: Starting dashboard on localhost:8050
2025-10-22 22:42:19,497 [INFO] __main__: Starting Financial News Analysis Application...
2025-10-22 22:42:19,497 [INFO] src.dashboard.app: Starting dashboard on localhost:8050
2025-10-22 22:44:00,529 [ERROR] src.dashboard.enhanced_callbacks: Error in URL analysis: The `dash_bootstrap_components.Progress` component (version 1.5.0) received an unexpected keyword argument: `multi`
Allowed arguments: animated, bar, children, className, class_name, color, hide_label, id, key, label, loading_state, max, min, striped, style, value
2025-10-22 22:44:27,714 [INFO] __main__: Starting Financial News Analysis Application...
2025-10-22 22:44:27,715 [INFO] src.dashboard.app: Starting dashboard on localhost:8050
2025-10-22 22:45:09,440 [INFO] __main__: Starting Financial News Analysis Application...
2025-10-22 22:45:09,441 [INFO] src.dashboard.app: Starting dashboard on localhost:8050
2025-10-22 22:45:18,613 [INFO] __main__: Starting Financial News Analysis Application...
2025-10-22 22:45:18,613 [INFO] src.dashboard.app: Starting dashboard on localhost:8050
2025-10-22 22:45:20,334 [ERROR] src.dashboard.enhanced_callbacks: Error in URL analysis: The `dash_bootstrap_components.Progress` component (version 1.5.0) received an unexpected keyword argument: `multi`
Allowed arguments: animated, bar, children, className, class_name, color, hide_label, id, key, label, loading_state, max, min, striped, style, value
2025-10-22 22:46:27,574 [INFO] __main__: Starting Financial News Analysis Application...
2025-10-22 22:46:27,574 [INFO] src.dashboard.app: Starting dashboard on localhost:8050
2025-10-22 22:46:57,669 [INFO] __main__: Starting Financial News Analysis Application...
2025-10-22 22:46:57,669 [INFO] src.dashboard.app: Starting dashboard on localhost:8050
2025-10-22 22:47:39,098 [INFO] __main__: Starting Financial News Analysis Application...
2025-10-22 22:47:39,098 [INFO] src.dashboard.app: Starting dashboard on localhost:8050
2025-10-22 22:47:39,098 [INFO] dash.dash: Dash is running on http://localhost:8050/

2025-10-22 22:47:45,680 [INFO] __main__: Starting Financial News Analysis Application...
2025-10-22 22:47:45,680 [INFO] src.dashboard.app: Starting dashboard on localhost:8050
2025-10-22 22:48:04,253 [INFO] __main__: Starting Financial News Analysis Application...
2025-10-22 22:48:04,254 [INFO] src.dashboard.app: Starting dashboard on localhost:8050
2025-10-22 22:48:37,161 [ERROR] src.dashboard.enhanced_callbacks: Error in URL analysis: The `dash_bootstrap_components.Progress` component (version 1.5.0) received an unexpected keyword argument: `multi`
Allowed arguments: animated, bar, children, className, class_name, color, hide_label, id, key, label, loading_state, max, min, striped, style, value
2025-10-22 22:51:12,838 [INFO] __main__: Starting Financial News Analysis Application...
2025-10-22 22:51:12,839 [INFO] src.dashboard.app: Starting dashboard on localhost:8050
2025-10-22 22:53:02,955 [INFO] __main__: Starting Financial News Analysis Application...
2025-10-22 22:53:02,956 [INFO] src.dashboard.app: Starting dashboard on localhost:8050
2025-10-22 22:54:13,404 [INFO] __main__: Starting Financial News Analysis Application...
2025-10-22 22:54:13,404 [INFO] src.dashboard.app: Starting dashboard on localhost:8050
2025-10-22 23:08:04,221 [INFO] __main__: Starting Financial News Analysis Application...
2025-10-22 23:08:04,234 [INFO] src.dashboard.app: Starting dashboard on localhost:8050
2025-10-22 23:08:04,238 [INFO] dash.dash: Dash is running on http://localhost:8050/

2025-10-22 23:08:10,103 [INFO] __main__: Starting Financial News Analysis Application...
2025-10-22 23:08:10,103 [INFO] src.dashboard.app: Starting dashboard on localhost:8050
2025-10-22 23:08:26,724 [INFO] __main__: Starting Financial News Analysis Application...
2025-10-22 23:08:26,724 [INFO] src.dashboard.app: Starting dashboard on localhost:8050
2025-10-22 23:08:41,987 [INFO] __main__: Starting Financial News Analysis Application...
2025-10-22 23:08:41,987 [INFO] src.dashboard.app: Starting dashboard on localhost:8050
2025-10-22 23:09:01,874 [INFO] __main__: Starting Financial News Analysis Application...
2025-10-22 23:09:01,874 [INFO] src.dashboard.app: Starting dashboard on localhost:8050
2025-10-22 23:09:12,086 [INFO] __main__: Starting Financial News Analysis Application...
2025-10-22 23:09:12,086 [INFO] src.dashboard.app: Starting dashboard on localhost:8050
2025-10-22 23:10:13,337 [INFO] __main__: Starting Financial News Analysis Application...
2025-10-22 23:10:13,338 [INFO] src.dashboard.app: Starting dashboard on localhost:8050
2025-10-22 23:11:44,390 [INFO] __main__: Starting Financial News Analysis Application...
2025-10-22 23:11:44,390 [INFO] src.dashboard.app: Starting dashboard on localhost:8050
2025-10-22 23:12:46,653 [INFO] __main__: Starting Financial News Analysis Application...
2025-10-22 23:12:46,653 [INFO] src.dashboard.app: Starting dashboard on localhost:8050
2025-10-22 23:13:15,744 [INFO] __main__: Starting Financial News Analysis Application...
2025-10-22 23:13:15,745 [INFO] src.dashboard.app: Starting dashboard on localhost:8050
2025-10-22 23:13:26,253 [INFO] __main__: Starting Financial News Analysis Application...
2025-10-22 23:13:26,254 [INFO] src.dashboard.app: Starting dashboard on localhost:8050
2025-10-22 23:13:37,820 [INFO] __main__: Starting Financial News Analysis Application...
2025-10-22 23:13:37,820 [INFO] src.dashboard.app: Starting dashboard on localhost:8050
2025-10-22 23:13:54,353 [INFO] __main__: Starting Financial News Analysis Application...
2025-10-22 23:13:54,353 [INFO] src.dashboard.app: Starting dashboard on localhost:8050
2025-10-22 23:14:06,911 [INFO] __main__: Starting Financial News Analysis Application...
2025-10-22 23:14:06,911 [INFO] src.dashboard.app: Starting dashboard on localhost:8050
2025-10-22 23:14:22,650 [INFO] __main__: Starting Financial News Analysis Application...
2025-10-22 23:14:22,651 [INFO] src.dashboard.app: Starting dashboard on localhost:8050
2025-10-22 23:15:16,586 [INFO] __main__: Starting Financial News Analysis Application...
2025-10-22 23:15:16,586 [INFO] src.dashboard.app: Starting dashboard on localhost:8050
2025-10-22 23:16:00,737 [INFO] __main__: Starting Financial News Analysis Application...
2025-10-22 23:16:00,737 [INFO] src.dashboard.app: Starting dashboard on localhost:8050
2025-10-22 23:16:17,405 [INFO] __main__: Starting Financial News Analysis Application...
2025-10-22 23:16:17,405 [INFO] src.dashboard.app: Starting dashboard on localhost:8050
2025-10-22 23:16:34,588 [INFO] __main__: Starting Financial News Analysis Application...
2025-10-22 23:16:34,588 [INFO] src.dashboard.app: Starting dashboard on localhost:8050
2025-10-22 23:21:12,451 [INFO] __main__: Starting Financial News Analysis Application...
2025-10-22 23:21:12,451 [INFO] src.dashboard.app: Starting dashboard on localhost:8050
2025-10-22 23:21:23,974 [INFO] __main__: Starting Financial News Analysis Application...
2025-10-22 23:21:23,987 [INFO] src.dashboard.app: Starting dashboard on localhost:8050
2025-10-22 23:22:01,287 [INFO] __main__: Starting Financial News Analysis Application...
2025-10-22 23:22:01,288 [INFO] src.dashboard.app: Starting dashboard on localhost:8050
2025-10-22 23:22:20,644 [INFO] __main__: Starting Financial News Analysis Application...
2025-10-22 23:22:20,644 [INFO] src.dashboard.app: Starting dashboard on localhost:8050
2025-10-22 23:22:46,794 [INFO] __main__: Starting Financial News Analysis Application...
2025-10-22 23:22:46,794 [INFO] src.dashboard.app: Starting dashboard on localhost:8050
2025-10-22 23:23:30,053 [INFO] __main__: Starting Financial News Analysis Application...
2025-10-22 23:23:30,053 [INFO] src.dashboard.app: Starting dashboard on localhost:8050
2025-10-22 23:24:21,939 [INFO] __main__: Starting Financial News Analysis Application...
2025-10-22 23:24:21,939 [INFO] src.dashboard.app: Starting dashboard on localhost:8050
2025-10-22 23:29:32,358 [INFO] __main__: Starting Financial News Analysis Application...
2025-10-22 23:29:32,358 [INFO] src.dashboard.app: Starting dashboard on localhost:8050
2025-10-22 23:34:33,674 [INFO] __main__: Starting Financial News Analysis Application...
2025-10-22 23:34:33,674 [INFO] src.dashboard.app: Starting dashboard on localhost:8050
2025-10-22 23:34:54,659 [INFO] __main__: Starting Financial News Analysis Application...
2025-10-22 23:34:54,659 [INFO] src.dashboard.app: Starting dashboard on localhost:8050
2025-10-22 23:35:28,613 [INFO] __main__: Starting Financial News Analysis Application...
2025-10-22 23:35:28,613 [INFO] src.dashboard.app: Starting dashboard on localhost:8050
2025-10-22 23:35:41,494 [INFO] __main__: Starting Financial News Analysis Application...
2025-10-22 23:35:41,494 [INFO] src.dashboard.app: Starting dashboard on localhost:8050
2025-10-22 23:35:52,448 [INFO] __main__: Starting Financial News Analysis Application...
2025-10-22 23:35:52,458 [INFO] src.dashboard.app: Starting dashboard on localhost:8050
2025-10-22 23:36:09,359 [INFO] __main__: Starting Financial News Analysis Application...
2025-10-22 23:36:09,359 [INFO] src.dashboard.app: Starting dashboard on localhost:8050
2025-10-22 23:36:26,907 [INFO] __main__: Starting Financial News Analysis Application...
2025-10-22 23:36:26,923 [INFO] src.dashboard.app: Starting dashboard on localhost:8050
2025-10-22 23:37:03,606 [INFO] __main__: Starting Financial News Analysis Application...
2025-10-22 23:37:03,607 [INFO] src.dashboard.app: Starting dashboard on localhost:8050
2025-10-22 23:40:23,558 [INFO] __main__: Starting Financial News Analysis Application...
2025-10-22 23:40:23,559 [INFO] src.dashboard.app: Starting dashboard on localhost:8050
2025-10-22 23:40:32,441 [INFO] __main__: Starting Financial News Analysis Application...
2025-10-22 23:40:32,443 [INFO] src.dashboard.app: Starting dashboard on localhost:8050
2025-10-22 23:41:07,954 [INFO] __main__: Starting Financial News Analysis Application...
2025-10-22 23:41:07,955 [INFO] src.dashboard.app: Starting dashboard on localhost:8050
2025-10-22 23:41:22,382 [INFO] __main__: Starting Financial News Analysis Application...
2025-10-22 23:41:22,382 [INFO] src.dashboard.app: Starting dashboard on localhost:8050
2025-10-22 23:42:42,014 [INFO] __main__: Starting Financial News Analysis Application...
2025-10-22 23:42:42,014 [INFO] src.dashboard.app: Starting dashboard on localhost:8050
2025-10-22 23:45:43,394 [INFO] __main__: Starting Financial News Analysis Application...
2025-10-22 23:45:43,395 [INFO] src.dashboard.app: Starting dashboard on localhost:8050
2025-10-22 23:45:53,231 [INFO] __main__: Starting Financial News Analysis Application...
2025-10-22 23:45:53,231 [INFO] src.dashboard.app: Starting dashboard on localhost:8050
2025-10-22 23:46:05,261 [INFO] __main__: Starting Financial News Analysis Application...
2025-10-22 23:46:05,262 [INFO] src.dashboard.app: Starting dashboard on localhost:8050
2025-10-22 23:46:19,594 [INFO] __main__: Starting Financial News Analysis Application...
2025-10-22 23:46:19,595 [INFO] src.dashboard.app: Starting dashboard on localhost:8050
2025-10-22 23:49:18,291 [INFO] __main__: Starting Financial News Analysis Application...
2025-10-22 23:49:18,292 [INFO] src.dashboard.app: Starting dashboard on localhost:8050
2025-10-22 23:49:18,293 [INFO] dash.dash: Dash is running on http://localhost:8050/

2025-10-22 23:49:23,918 [INFO] __main__: Starting Financial News Analysis Application...
2025-10-22 23:49:23,919 [INFO] src.dashboard.app: Starting dashboard on localhost:8050
2025-10-22 23:49:40,276 [INFO] __main__: Starting Financial News Analysis Application...
2025-10-22 23:49:40,292 [INFO] src.dashboard.app: Starting dashboard on localhost:8050
2025-10-23 22:14:56,435 [INFO] __main__: Starting Financial News Analysis Application...
2025-10-23 22:14:56,435 [INFO] src.dashboard.app: Starting dashboard on localhost:8050
2025-10-23 22:14:56,438 [INFO] dash.dash: Dash is running on http://localhost:8050/

2025-10-23 22:15:02,146 [INFO] __main__: Starting Financial News Analysis Application...
2025-10-23 22:15:02,146 [INFO] src.dashboard.app: Starting dashboard on localhost:8050
2025-10-23 22:15:24,028 [INFO] __main__: Starting Financial News Analysis Application...
2025-10-23 22:15:24,028 [INFO] src.dashboard.app: Starting dashboard on localhost:8050
2025-10-23 22:19:19,821 [INFO] __main__: Starting Financial News Analysis Application...
2025-10-23 22:19:19,823 [INFO] src.dashboard.app: Starting dashboard on localhost:8050
2025-10-23 22:28:30,916 [INFO] __main__: Starting Financial News Analysis Application...
2025-10-23 22:28:30,917 [INFO] src.dashboard.app: Starting dashboard on localhost:8050
2025-10-23 22:28:30,920 [INFO] dash.dash: Dash is running on http://localhost:8050/

2025-10-23 22:28:36,693 [INFO] __main__: Starting Financial News Analysis Application...
2025-10-23 22:28:36,694 [INFO] src.dashboard.app: Starting dashboard on localhost:8050
2025-10-23 22:42:48,764 [INFO] __main__: Starting Financial News Analysis Application...
2025-10-23 22:42:48,766 [INFO] src.dashboard.app: Starting dashboard on localhost:8050
2025-10-23 22:42:48,775 [INFO] dash.dash: Dash is running on http://localhost:8050/

2025-10-23 22:42:56,673 [INFO] __main__: Starting Financial News Analysis Application...
2025-10-23 22:42:56,673 [INFO] src.dashboard.app: Starting dashboard on localhost:8050
2025-10-23 22:43:06,137 [INFO] __main__: Starting Financial News Analysis Application...
2025-10-23 22:43:06,137 [INFO] src.dashboard.app: Starting dashboard on localhost:8050
2025-10-23 22:47:47,076 [INFO] __main__: Starting Financial News Analysis Application...
2025-10-23 22:47:47,076 [INFO] src.dashboard.app: Starting dashboard on localhost:8050
2025-10-23 22:47:55,587 [INFO] __main__: Starting Financial News Analysis Application...
2025-10-23 22:47:55,587 [INFO] src.dashboard.app: Starting dashboard on localhost:8050
2025-10-23 22:49:56,705 [INFO] __main__: Starting Financial News Analysis Application...
2025-10-23 22:49:56,706 [INFO] src.dashboard.app: Starting dashboard on localhost:8050
2025-10-23 22:50:30,659 [INFO] __main__: Starting Financial News Analysis Application...
2025-10-23 22:50:30,659 [INFO] src.dashboard.app: Starting dashboard on localhost:8050
2025-10-23 22:50:53,195 [INFO] __main__: Starting Financial News Analysis Application...
2025-10-23 22:50:53,196 [INFO] src.dashboard.app: Starting dashboard on localhost:8050
2025-10-23 22:51:05,596 [INFO] __main__: Starting Financial News Analysis Application...
2025-10-23 22:51:05,597 [INFO] src.dashboard.app: Starting dashboard on localhost:8050
2025-10-23 22:51:26,262 [INFO] __main__: Starting Financial News Analysis Application...
2025-10-23 22:51:26,263 [INFO] src.dashboard.app: Starting dashboard on localhost:8050
2025-10-23 22:52:13,339 [INFO] __main__: Starting Financial News Analysis Application...
2025-10-23 22:52:13,339 [INFO] src.dashboard.app: Starting dashboard on localhost:8050
2025-10-23 22:52:48,530 [INFO] __main__: Starting Financial News Analysis Application...
2025-10-23 22:52:48,530 [INFO] src.dashboard.app: Starting dashboard on localhost:8050
2025-10-23 22:53:14,227 [INFO] __main__: Starting Financial News Analysis Application...
2025-10-23 22:53:14,227 [INFO] src.dashboard.app: Starting dashboard on localhost:8050
2025-10-23 22:53:53,268 [INFO] src.dashboard.enhanced_callbacks: Final sector: Real Estate
2025-10-23 22:54:00,148 [INFO] __main__: Starting Financial News Analysis Application...
2025-10-23 22:54:00,148 [INFO] src.dashboard.app: Starting dashboard on localhost:8050
2025-10-23 22:54:00,806 [INFO] src.dashboard.enhanced_callbacks: Final sector: Real Estate
2025-10-23 22:54:49,104 [INFO] src.dashboard.enhanced_callbacks: Final sector: Finance
2025-10-23 22:55:55,230 [INFO] __main__: Starting Financial News Analysis Application...
2025-10-23 22:55:55,230 [INFO] src.dashboard.app: Starting dashboard on localhost:8050
2025-10-23 22:56:06,189 [INFO] __main__: Starting Financial News Analysis Application...
2025-10-23 22:56:06,189 [INFO] src.dashboard.app: Starting dashboard on localhost:8050
2025-10-23 22:56:29,679 [INFO] __main__: Starting Financial News Analysis Application...
2025-10-23 22:56:29,680 [INFO] src.dashboard.app: Starting dashboard on localhost:8050
2025-10-29 06:59:58,145 [INFO] __main__: Starting Financial News Analysis Application...
2025-10-29 06:59:58,145 [INFO] src.dashboard.app: Starting dashboard on localhost:8050
2025-10-29 06:59:58,145 [INFO] dash.dash: Dash is running on http://localhost:8050/

2025-10-29 07:00:07,725 [INFO] __main__: Starting Financial News Analysis Application...
2025-10-29 07:00:07,725 [INFO] src.dashboard.app: Starting dashboard on localhost:8050
2025-10-29 07:00:39,091 [INFO] __main__: Starting Financial News Analysis Application...
2025-10-29 07:00:39,091 [INFO] src.dashboard.app: Starting dashboard on localhost:8050
2025-10-29 07:02:46,167 [INFO] __main__: Starting Financial News Analysis Application...
2025-10-29 07:02:46,169 [INFO] src.dashboard.app: Starting dashboard on localhost:8050
2025-10-29 07:03:08,258 [INFO] __main__: Starting Financial News Analysis Application...
2025-10-29 07:03:08,258 [INFO] src.dashboard.app: Starting dashboard on localhost:8050
2025-10-29 07:03:24,372 [INFO] __main__: Starting Financial News Analysis Application...
2025-10-29 07:03:24,372 [INFO] src.dashboard.app: Starting dashboard on localhost:8050
2025-10-29 07:04:03,246 [INFO] __main__: Starting Financial News Analysis Application...
2025-10-29 07:04:03,246 [INFO] src.dashboard.app: Starting dashboard on localhost:8050
2025-10-29 07:04:27,716 [CRITICAL] newspaper.network: [REQUEST FAILED] 404 Client Error: Not Found for url: https://cafef.vn/rss
2025-10-29 07:04:27,733 [CRITICAL] newspaper.network: [REQUEST FAILED] 404 Client Error: Not Found for url: https://cafef.vn/feeds
2025-10-29 07:04:27,747 [CRITICAL] newspaper.network: [REQUEST FAILED] 404 Client Error: Not Found for url: https://cafef.vn/feed
2025-10-29 07:05:56,254 [CRITICAL] newspaper.network: [REQUEST FAILED] HTTPSConnectionPool(host='order.tuoitre.vn', port=443): Max retries exceeded with url: / (Caused by SSLError(SSLCertVerificationError(1, '[SSL: CERTIFICATE_VERIFY_FAILED] certificate verify failed: unable to get local issuer certificate (_ssl.c:997)')))
2025-10-29 07:05:56,875 [WARNING] newspaper.source: Deleting category https://order.tuoitre.vn from source https://tuoitre.vn due to download error
2025-10-29 07:05:57,648 [CRITICAL] newspaper.network: [REQUEST FAILED] 404 Client Error: Not Found for url: https://tuoitre.vn/feeds
2025-10-29 07:05:57,648 [CRITICAL] newspaper.network: [REQUEST FAILED] 404 Client Error: Not Found for url: https://tuoitre.vn/feed
2025-10-29 07:05:57,648 [CRITICAL] newspaper.network: [REQUEST FAILED] 404 Client Error: Not Found for url: https://tuoitre.vn/rss
2025-10-29 07:06:13,954 [CRITICAL] newspaper.network: [REQUEST FAILED] 404 Client Error: Not Found for url: https://dantri.com.vn/feeds
2025-10-29 07:06:14,255 [CRITICAL] newspaper.network: [REQUEST FAILED] 404 Client Error: Not Found for url: https://dantri.com.vn/rss
2025-10-29 07:06:14,313 [CRITICAL] newspaper.network: [REQUEST FAILED] 404 Client Error: Not Found for url: https://dantri.com.vn/feed
2025-10-29 07:06:32,832 [WARNING] newspaper.parsers: fromstring() returned an invalid string: ...
2025-10-29 07:06:32,832 [WARNING] newspaper.source: Source https://ndh.vn parse error.
2025-10-29 07:06:32,832 [CRITICAL] newspaper.extractors: Must extract urls from either html, text or doc!
2025-10-29 07:06:39,935 [CRITICAL] newspaper.network: [REQUEST FAILED] HTTPSConnectionPool(host='ndh.vn', port=443): Max retries exceeded with url: / (Caused by ConnectTimeoutError(<urllib3.connection.HTTPSConnection object at 0x000001FD8A5A1A50>, 'Connection to ndh.vn timed out. (connect timeout=7)'))
2025-10-29 07:06:39,935 [WARNING] newspaper.source: Deleting category https://ndh.vn from source https://ndh.vn due to download error
2025-10-29 07:06:46,995 [CRITICAL] newspaper.network: [REQUEST FAILED] HTTPSConnectionPool(host='ndh.vn', port=443): Max retries exceeded with url: /feed (Caused by ConnectTimeoutError(<urllib3.connection.HTTPSConnection object at 0x000001FD8A5A14E0>, 'Connection to ndh.vn timed out. (connect timeout=7)'))
2025-10-29 07:06:46,995 [CRITICAL] newspaper.network: [REQUEST FAILED] HTTPSConnectionPool(host='ndh.vn', port=443): Max retries exceeded with url: /feeds (Caused by ConnectTimeoutError(<urllib3.connection.HTTPSConnection object at 0x000001FD8A5A03A0>, 'Connection to ndh.vn timed out. (connect timeout=7)'))
2025-10-29 07:06:46,995 [CRITICAL] newspaper.network: [REQUEST FAILED] HTTPSConnectionPool(host='ndh.vn', port=443): Max retries exceeded with url: /rss (Caused by ConnectTimeoutError(<urllib3.connection.HTTPSConnection object at 0x000001FD8A5A2A40>, 'Connection to ndh.vn timed out. (connect timeout=7)'))
2025-10-29 07:06:47,038 [INFO] scrapy.utils.log: Scrapy 2.13.3 started (bot: scrapybot)
2025-10-29 07:06:47,292 [INFO] scrapy.utils.log: Versions:
{'lxml': '6.0.2',
 'libxml2': '2.11.9',
 'cssselect': '1.3.0',
 'parsel': '1.10.0',
 'w3lib': '2.3.1',
 'Twisted': '25.5.0',
 'Python': '3.10.0 (tags/v3.10.0:b494f59, Oct  4 2021, 19:00:18) [MSC v.1929 '
           '64 bit (AMD64)]',
 'pyOpenSSL': '25.3.0 (OpenSSL 3.5.3 16 Sep 2025)',
 'cryptography': '46.0.1',
 'Platform': 'Windows-10-10.0.26100-SP0'}
2025-10-29 07:06:47,292 [ERROR] src.dashboard.crawler_callbacks: Error crawling ndh: The crawler_or_spidercls argument cannot be a spider object, it must be a spider class (or a Crawler object)
2025-10-29 07:10:14,833 [WARNING] py.warnings: C:\Users\txtru\AppData\Local\Programs\Python\Python310\lib\site-packages\pymongo\pyopenssl_context.py:343: CryptographyDeprecationWarning:

Parsed a serial number which wasn't positive (i.e., it was negative or zero), which is disallowed by RFC 5280. Loading this certificate will cause an exception in a future release of cryptography.


2025-10-29 07:10:19,026 [WARNING] py.warnings: C:\Users\txtru\AppData\Local\Programs\Python\Python310\lib\site-packages\pymongo\pyopenssl_context.py:343: CryptographyDeprecationWarning:

Parsed a serial number which wasn't positive (i.e., it was negative or zero), which is disallowed by RFC 5280. Loading this certificate will cause an exception in a future release of cryptography.


2025-10-29 07:10:31,692 [INFO] __main__: Starting Financial News Analysis Application...
2025-10-29 07:10:31,692 [INFO] src.dashboard.app: Starting dashboard on localhost:8050
2025-10-29 07:10:44,423 [INFO] __main__: Starting Financial News Analysis Application...
2025-10-29 07:10:44,423 [INFO] src.dashboard.app: Starting dashboard on localhost:8050
2025-10-29 07:12:53,358 [INFO] __main__: Starting Financial News Analysis Application...
2025-10-29 07:12:53,358 [INFO] src.dashboard.app: Starting dashboard on localhost:8050
2025-10-29 07:13:23,137 [INFO] __main__: Starting Financial News Analysis Application...
2025-10-29 07:13:23,137 [INFO] src.dashboard.app: Starting dashboard on localhost:8050
2025-10-29 07:13:39,705 [INFO] __main__: Starting Financial News Analysis Application...
2025-10-29 07:13:39,714 [INFO] src.dashboard.app: Starting dashboard on localhost:8050
2025-10-29 13:23:25,733 [INFO] __main__: Starting Financial News Analysis Application...
2025-10-29 13:23:25,733 [INFO] src.dashboard.app: Starting dashboard on localhost:8050
2025-10-29 13:23:25,733 [INFO] dash.dash: Dash is running on http://localhost:8050/

2025-10-29 13:23:32,306 [INFO] __main__: Starting Financial News Analysis Application...
2025-10-29 13:23:32,306 [INFO] src.dashboard.app: Starting dashboard on localhost:8050
2025-10-29 13:25:43,964 [INFO] __main__: Starting Financial News Analysis Application...
2025-10-29 13:25:43,964 [INFO] src.dashboard.app: Starting dashboard on localhost:8050
2025-10-29 13:25:43,964 [INFO] dash.dash: Dash is running on http://localhost:8050/

2025-10-29 13:25:52,481 [INFO] __main__: Starting Financial News Analysis Application...
2025-10-29 13:25:52,483 [INFO] src.dashboard.app: Starting dashboard on localhost:8050
2025-10-29 13:26:18,245 [INFO] __main__: Starting Financial News Analysis Application...
2025-10-29 13:26:18,245 [INFO] src.dashboard.app: Starting dashboard on localhost:8050
2025-10-29 13:30:16,400 [INFO] __main__: Starting Financial News Analysis Application...
2025-10-29 13:30:16,400 [INFO] src.dashboard.app: Starting dashboard on localhost:8050
2025-10-29 13:30:34,116 [INFO] __main__: Starting Financial News Analysis Application...
2025-10-29 13:30:34,116 [INFO] src.dashboard.app: Starting dashboard on localhost:8050
2025-10-29 13:31:34,408 [INFO] __main__: Starting Financial News Analysis Application...
2025-10-29 13:31:34,409 [INFO] src.dashboard.app: Starting dashboard on localhost:8050
2025-10-29 13:31:48,733 [INFO] __main__: Starting Financial News Analysis Application...
2025-10-29 13:31:48,734 [INFO] src.dashboard.app: Starting dashboard on localhost:8050
2025-10-29 13:35:43,305 [INFO] __main__: Starting Financial News Analysis Application...
2025-10-29 13:35:43,306 [INFO] src.dashboard.app: Starting dashboard on localhost:8050
2025-10-29 13:35:43,307 [INFO] dash.dash: Dash is running on http://localhost:8050/

2025-10-29 13:35:49,689 [INFO] __main__: Starting Financial News Analysis Application...
2025-10-29 13:35:49,689 [INFO] src.dashboard.app: Starting dashboard on localhost:8050
2025-10-29 13:41:12,148 [INFO] __main__: Starting Financial News Analysis Application...
2025-10-29 13:41:12,148 [INFO] src.dashboard.app: Starting dashboard on localhost:8050
2025-10-29 13:41:12,165 [INFO] dash.dash: Dash is running on http://localhost:8050/

2025-10-29 13:41:18,757 [INFO] __main__: Starting Financial News Analysis Application...
2025-10-29 13:41:18,757 [INFO] src.dashboard.app: Starting dashboard on localhost:8050
2025-10-29 13:47:15,323 [INFO] __main__: Starting Financial News Analysis Application...
2025-10-29 13:47:15,324 [INFO] src.dashboard.app: Starting dashboard on localhost:8050
2025-10-29 13:48:01,341 [INFO] __main__: Starting Financial News Analysis Application...
2025-10-29 13:48:01,341 [INFO] src.dashboard.app: Starting dashboard on localhost:8050
2025-10-29 13:49:38,538 [INFO] __main__: Starting Financial News Analysis Application...
2025-10-29 13:49:38,538 [INFO] src.dashboard.app: Starting dashboard on localhost:8050
2025-10-29 13:49:38,538 [INFO] dash.dash: Dash is running on http://localhost:8050/

2025-10-29 13:49:44,683 [INFO] __main__: Starting Financial News Analysis Application...
2025-10-29 13:49:44,683 [INFO] src.dashboard.app: Starting dashboard on localhost:8050
2025-10-29 13:59:02,724 [INFO] __main__: Starting Financial News Analysis Application...
2025-10-29 13:59:02,724 [INFO] src.dashboard.app: Starting dashboard on localhost:8050
2025-10-29 14:08:57,151 [INFO] __main__: Starting Financial News Analysis Application...
2025-10-29 14:08:57,151 [INFO] src.dashboard.app: Starting dashboard on localhost:8050
2025-10-29 14:08:57,151 [INFO] dash.dash: Dash is running on http://localhost:8050/

2025-10-29 14:09:03,484 [INFO] __main__: Starting Financial News Analysis Application...
2025-10-29 14:09:03,484 [INFO] src.dashboard.app: Starting dashboard on localhost:8050
2025-10-29 14:09:14,879 [INFO] src.database.db_manager: Loaded 78 processed with avg content: 484
2025-10-29 14:09:14,895 [INFO] src.database.db_manager: Loaded 78 processed with avg content: 484
2025-10-29 14:09:14,895 [INFO] src.database.db_manager: Loaded 78 processed with avg content: 484
2025-10-29 14:09:14,907 [INFO] src.database.db_manager: Loaded 78 processed with avg content: 484
2025-10-29 14:09:14,910 [INFO] src.database.db_manager: Loaded 78 processed with avg content: 484
2025-10-29 14:09:14,910 [INFO] src.database.db_manager: Loaded 78 processed with avg content: 484
2025-10-29 14:09:16,892 [INFO] src.database.db_manager: Loaded 20 processed with avg content: 500
